  Game.cpp
C:\Users\姚睿銘\Desktop\code\OOP(大一下)\Chess(Project03)\Pokemon-Project03\Game.cpp(200,12): warning C4244: '引數': 將 'time_t' 轉換為 'unsigned int'，由於類型不同，可能導致資料遺失
C:\Users\姚睿銘\Desktop\code\OOP(大一下)\Chess(Project03)\Pokemon-Project03\Game.cpp(253,12): warning C4244: '引數': 將 'time_t' 轉換為 'unsigned int'，由於類型不同，可能導致資料遺失
C:\Users\姚睿銘\Desktop\code\OOP(大一下)\Chess(Project03)\Pokemon-Project03\Game.cpp(637,16): warning C4244: '正在初始化': 將 'double' 轉換為 'int'，由於類型不同，可能導致資料遺失
C:\Users\姚睿銘\Desktop\code\OOP(大一下)\Chess(Project03)\Pokemon-Project03\Game.cpp(675,20): warning C4018: '<': signed/unsigned 不相符
C:\Users\姚睿銘\Desktop\code\OOP(大一下)\Chess(Project03)\Pokemon-Project03\Game.cpp(684,20): warning C4018: '<': signed/unsigned 不相符
C:\Users\姚睿銘\Desktop\code\OOP(大一下)\Chess(Project03)\Pokemon-Project03\Game.cpp(692,11): warning C4244: '正在初始化': 將 'double' 轉換為 'int'，由於類型不同，可能導致資料遺失
C:\Users\姚睿銘\Desktop\code\OOP(大一下)\Chess(Project03)\Pokemon-Project03\Game.cpp(693,34): warning C4244: '=': 將 'double' 轉換為 'int'，由於類型不同，可能導致資料遺失
C:\Users\姚睿銘\Desktop\code\OOP(大一下)\Chess(Project03)\Pokemon-Project03\Game.cpp(760,16): warning C4244: '正在初始化': 將 'double' 轉換為 'int'，由於類型不同，可能導致資料遺失
C:\Users\姚睿銘\Desktop\code\OOP(大一下)\Chess(Project03)\Pokemon-Project03\Game.cpp(798,20): warning C4018: '<': signed/unsigned 不相符
C:\Users\姚睿銘\Desktop\code\OOP(大一下)\Chess(Project03)\Pokemon-Project03\Game.cpp(807,20): warning C4018: '<': signed/unsigned 不相符
C:\Users\姚睿銘\Desktop\code\OOP(大一下)\Chess(Project03)\Pokemon-Project03\Game.cpp(815,11): warning C4244: '正在初始化': 將 'double' 轉換為 'int'，由於類型不同，可能導致資料遺失
C:\Users\姚睿銘\Desktop\code\OOP(大一下)\Chess(Project03)\Pokemon-Project03\Game.cpp(816,34): warning C4244: '=': 將 'double' 轉換為 'int'，由於類型不同，可能導致資料遺失
C:\Users\姚睿銘\Desktop\code\OOP(大一下)\Chess(Project03)\Pokemon-Project03\Game.cpp(863,30): warning C4244: '-=': 將 'double' 轉換為 'int'，由於類型不同，可能導致資料遺失
C:\Users\姚睿銘\Desktop\code\OOP(大一下)\Chess(Project03)\Pokemon-Project03\Game.cpp(875,30): warning C4244: '-=': 將 'double' 轉換為 'int'，由於類型不同，可能導致資料遺失
C:\Users\姚睿銘\Desktop\code\OOP(大一下)\Chess(Project03)\Pokemon-Project03\Game.cpp(894,28): warning C4244: '-=': 將 'double' 轉換為 'int'，由於類型不同，可能導致資料遺失
C:\Users\姚睿銘\Desktop\code\OOP(大一下)\Chess(Project03)\Pokemon-Project03\Game.cpp(906,28): warning C4244: '-=': 將 'double' 轉換為 'int'，由於類型不同，可能導致資料遺失
C:\Users\姚睿銘\Desktop\code\OOP(大一下)\Chess(Project03)\Pokemon-Project03\Game.cpp(1015,14): warning C4244: '正在初始化': 將 'double' 轉換為 'int'，由於類型不同，可能導致資料遺失
C:\Users\姚睿銘\Desktop\code\OOP(大一下)\Chess(Project03)\Pokemon-Project03\Game.cpp(1015,57): warning C4244: '正在初始化': 將 'double' 轉換為 'int'，由於類型不同，可能導致資料遺失
  正在產生程式碼
  2 of 871 functions ( 0.2%) were compiled, the rest were copied from previous compilation.
    0 functions were new in current compilation
    8 functions had inline decision re-evaluated but remain unchanged
  已完成程式碼產生
  OnWorking.vcxproj -> C:\Users\姚睿銘\Desktop\code\OOP(大一下)\Chess(Project03)\Pokemon-Project03\OnWorking\Release\OnWorking.exe
